  stdafx.cpp
  Block.cpp
  Bulldog.cpp
C:\Users\JunYeop\Desktop\개인API\API 시연회\DefaultWindow (1)\DefaultWindow\Bulldog.cpp(80,8): warning C4244: '인수': 'double'에서 'float'(으)로 변환하면서 데이터가 손실될 수 있습니다.
C:\Users\JunYeop\Desktop\개인API\API 시연회\DefaultWindow (1)\DefaultWindow\Bulldog.cpp(99,22): warning C4244: '인수': 'float'에서 'int'(으)로 변환하면서 데이터가 손실될 수 있습니다.
C:\Users\JunYeop\Desktop\개인API\API 시연회\DefaultWindow (1)\DefaultWindow\Bulldog.cpp(440,43): warning C4244: '인수': 'double'에서 'float'(으)로 변환하면서 데이터가 손실될 수 있습니다.
  CollisionMgr.cpp
C:\Users\JunYeop\Desktop\개인API\API 시연회\DefaultWindow (1)\DefaultWindow\CollisionMgr.cpp(55,41): warning C4244: '인수': 'double'에서 'float'(으)로 변환하면서 데이터가 손실될 수 있습니다.
  DefaultWindow.cpp
  Egg.cpp
C:\Users\JunYeop\Desktop\개인API\API 시연회\DefaultWindow (1)\DefaultWindow\Egg.cpp(62,20): warning C4244: '=': 'float'에서 'LONG'(으)로 변환하면서 데이터가 손실될 수 있습니다.
C:\Users\JunYeop\Desktop\개인API\API 시연회\DefaultWindow (1)\DefaultWindow\Egg.cpp(63,20): warning C4244: '=': 'float'에서 'LONG'(으)로 변환하면서 데이터가 손실될 수 있습니다.
C:\Users\JunYeop\Desktop\개인API\API 시연회\DefaultWindow (1)\DefaultWindow\Egg.cpp(129,9): warning C4244: '인수': 'double'에서 'float'(으)로 변환하면서 데이터가 손실될 수 있습니다.
C:\Users\JunYeop\Desktop\개인API\API 시연회\DefaultWindow (1)\DefaultWindow\Egg.cpp(160,23): warning C4244: '인수': 'float'에서 'int'(으)로 변환하면서 데이터가 손실될 수 있습니다.
  EventMgr.cpp
  KeyMgr.cpp
  Line.cpp
  LineMgr.cpp
  Logo.cpp
  MainGame.cpp
  MoveBlock.cpp
C:\Users\JunYeop\Desktop\개인API\API 시연회\DefaultWindow (1)\DefaultWindow\MoveBlock.cpp(79,8): warning C4244: '인수': 'double'에서 'float'(으)로 변환하면서 데이터가 손실될 수 있습니다.
  MyEdit.cpp
C:\Users\JunYeop\Desktop\개인API\API 시연회\DefaultWindow (1)\DefaultWindow\MyEdit.cpp(144,18): warning C4244: '인수': 'float'에서 'int'(으)로 변환하면서 데이터가 손실될 수 있습니다.
  NormalBlock.cpp
  Obj.cpp
C:\Users\JunYeop\Desktop\개인API\API 시연회\DefaultWindow (1)\DefaultWindow\Obj.cpp(47,15): warning C4244: '인수': 'double'에서 'DWORD'(으)로 변환하면서 데이터가 손실될 수 있습니다.
  ObjMgr.cpp
C:\Users\JunYeop\Desktop\개인API\API 시연회\DefaultWindow (1)\DefaultWindow\ObjMgr.cpp(314,42): warning C4244: '인수': 'double'에서 'float'(으)로 변환하면서 데이터가 손실될 수 있습니다.
  PassBlock.cpp
  PatternBlock.cpp
  Player.cpp
C:\Users\JunYeop\Desktop\개인API\API 시연회\DefaultWindow (1)\DefaultWindow\Player.cpp(144,22): warning C4244: '인수': 'float'에서 'int'(으)로 변환하면서 데이터가 손실될 수 있습니다.
C:\Users\JunYeop\Desktop\개인API\API 시연회\DefaultWindow (1)\DefaultWindow\Player.cpp(615,8): warning C4244: '인수': 'double'에서 'float'(으)로 변환하면서 데이터가 손실될 수 있습니다.
  ResMgr.cpp
  코드를 생성하고 있습니다...
  컴파일하고 있습니다...
  Scene.cpp
  SceneMgr.cpp
C:\Users\JunYeop\Desktop\개인API\API 시연회\DefaultWindow (1)\DefaultWindow\Stage_01.h(53,1): warning C4267: '인수': 'size_t'에서 'int'(으)로 변환하면서 데이터가 손실될 수 있습니다.
  Scene_Clear.cpp
C:\Users\JunYeop\Desktop\개인API\API 시연회\DefaultWindow (1)\DefaultWindow\Scene_Clear.cpp(46,18): warning C4244: '인수': 'float'에서 'int'(으)로 변환하면서 데이터가 손실될 수 있습니다.
  Scene_ReStart.cpp
C:\Users\JunYeop\Desktop\개인API\API 시연회\DefaultWindow (1)\DefaultWindow\Scene_ReStart.cpp(55,18): warning C4244: '인수': 'float'에서 'int'(으)로 변환하면서 데이터가 손실될 수 있습니다.
  Scene_Tool.cpp
  ScrollMgr.cpp
  SelectGDI.cpp
  SideBlock.cpp
  SoundMgr.cpp
C:\Users\JunYeop\Desktop\개인API\API 시연회\DefaultWindow (1)\DefaultWindow\SoundMgr.cpp(111,14): warning C4244: '초기화 중': 'intptr_t'에서 'long'(으)로 변환하면서 데이터가 손실될 수 있습니다.
C:\Users\JunYeop\Desktop\개인API\API 시연회\DefaultWindow (1)\DefaultWindow\SoundMgr.cpp(134,37): warning C4267: '초기화 중': 'size_t'에서 'int'(으)로 변환하면서 데이터가 손실될 수 있습니다.
  Stage_01.cpp
C:\Users\JunYeop\Desktop\개인API\API 시연회\DefaultWindow (1)\DefaultWindow\Stage_01.h(53,1): warning C4267: '인수': 'size_t'에서 'int'(으)로 변환하면서 데이터가 손실될 수 있습니다.
C:\Users\JunYeop\Desktop\개인API\API 시연회\DefaultWindow (1)\DefaultWindow\Stage_01.cpp(60,106): warning C4244: '인수': 'UINT'에서 'float'(으)로 변환하면서 데이터가 손실될 수 있습니다.
C:\Users\JunYeop\Desktop\개인API\API 시연회\DefaultWindow (1)\DefaultWindow\Stage_01.cpp(97,18): warning C4244: '인수': 'float'에서 'int'(으)로 변환하면서 데이터가 손실될 수 있습니다.
  Texture.cpp
  TileMgr.cpp
  TimeMgr.cpp
  TransParentBlock.cpp
  UI.cpp
  Wolf.cpp
C:\Users\JunYeop\Desktop\개인API\API 시연회\DefaultWindow (1)\DefaultWindow\Wolf.cpp(78,43): warning C4244: '인수': 'double'에서 'float'(으)로 변환하면서 데이터가 손실될 수 있습니다.
C:\Users\JunYeop\Desktop\개인API\API 시연회\DefaultWindow (1)\DefaultWindow\Wolf.cpp(87,12): warning C4244: '인수': 'LONG'에서 'float'(으)로 변환하면서 데이터가 손실될 수 있습니다.
C:\Users\JunYeop\Desktop\개인API\API 시연회\DefaultWindow (1)\DefaultWindow\Wolf.cpp(103,8): warning C4244: '인수': 'double'에서 'float'(으)로 변환하면서 데이터가 손실될 수 있습니다.
C:\Users\JunYeop\Desktop\개인API\API 시연회\DefaultWindow (1)\DefaultWindow\Wolf.cpp(122,22): warning C4244: '인수': 'float'에서 'int'(으)로 변환하면서 데이터가 손실될 수 있습니다.
  코드를 생성하고 있습니다...
SoundMgr.obj : error LNK2019: FMOD_System_Create"public: void __cdecl CSoundMgr::Initialize(void)" (?Initialize@CSoundMgr@@QEAAXXZ) 함수에서 참조되는 확인할 수 없는 외부 기호
SoundMgr.obj : error LNK2019: FMOD_System_Release"public: void __cdecl CSoundMgr::Release(void)" (?Release@CSoundMgr@@QEAAXXZ) 함수에서 참조되는 확인할 수 없는 외부 기호
SoundMgr.obj : error LNK2019: FMOD_System_Init"public: void __cdecl CSoundMgr::Initialize(void)" (?Initialize@CSoundMgr@@QEAAXXZ) 함수에서 참조되는 확인할 수 없는 외부 기호
SoundMgr.obj : error LNK2019: FMOD_System_Close"public: void __cdecl CSoundMgr::Release(void)" (?Release@CSoundMgr@@QEAAXXZ) 함수에서 참조되는 확인할 수 없는 외부 기호
SoundMgr.obj : error LNK2019: FMOD_System_Update"private: void __cdecl CSoundMgr::LoadSoundFile(void)" (?LoadSoundFile@CSoundMgr@@AEAAXXZ) 함수에서 참조되는 확인할 수 없는 외부 기호
SoundMgr.obj : error LNK2019: FMOD_System_CreateSound"private: void __cdecl CSoundMgr::LoadSoundFile(void)" (?LoadSoundFile@CSoundMgr@@AEAAXXZ) 함수에서 참조되는 확인할 수 없는 외부 기호
SoundMgr.obj : error LNK2019: FMOD_System_PlaySound"public: void __cdecl CSoundMgr::PlayBGM(wchar_t *,float)" (?PlayBGM@CSoundMgr@@QEAAXPEA_WM@Z) 함수에서 참조되는 확인할 수 없는 외부 기호
SoundMgr.obj : error LNK2019: FMOD_Sound_Release"public: void __cdecl CSoundMgr::Release(void)" (?Release@CSoundMgr@@QEAAXXZ) 함수에서 참조되는 확인할 수 없는 외부 기호
SoundMgr.obj : error LNK2019: FMOD_Channel_Stop"public: void __cdecl CSoundMgr::StopAll(void)" (?StopAll@CSoundMgr@@QEAAXXZ) 함수에서 참조되는 확인할 수 없는 외부 기호
SoundMgr.obj : error LNK2019: FMOD_Channel_SetVolume"public: void __cdecl CSoundMgr::PlayBGM(wchar_t *,float)" (?PlayBGM@CSoundMgr@@QEAAXPEA_WM@Z) 함수에서 참조되는 확인할 수 없는 외부 기호
SoundMgr.obj : error LNK2019: FMOD_Channel_IsPlaying"public: void __cdecl CSoundMgr::PlaySoundW(wchar_t *,enum CHANNELID,float)" (?PlaySoundW@CSoundMgr@@QEAAXPEA_WW4CHANNELID@@M@Z) 함수에서 참조되는 확인할 수 없는 외부 기호
SoundMgr.obj : error LNK2019: FMOD_Channel_SetMode"public: void __cdecl CSoundMgr::PlayBGM(wchar_t *,float)" (?PlayBGM@CSoundMgr@@QEAAXPEA_WM@Z) 함수에서 참조되는 확인할 수 없는 외부 기호
fmodex_vc.lib : warning LNK4272: 'x86' 라이브러리 컴퓨터 종류가 'x64' 대상 컴퓨터 종류와 충돌합니다.
C:\Users\JunYeop\Desktop\개인API\API 시연회\DefaultWindow (1)\x64\Debug\DefaultWindow.exe : fatal error LNK1120: 12개의 확인할 수 없는 외부 참조입니다.
