c:\users\준엽\desktop\개인api\api 시연회\defaultwindow (1)\defaultwindow\debug\defaultwindow.pch
c:\users\준엽\desktop\개인api\api 시연회\defaultwindow (1)\defaultwindow\debug\vc140.pdb
c:\users\준엽\desktop\개인api\api 시연회\defaultwindow (1)\defaultwindow\debug\vc140.idb
c:\users\준엽\desktop\개인api\api 시연회\defaultwindow (1)\defaultwindow\debug\stdafx.obj
c:\users\준엽\desktop\개인api\api 시연회\defaultwindow (1)\defaultwindow\debug\moveblock.obj
c:\users\준엽\desktop\개인api\api 시연회\defaultwindow (1)\defaultwindow\debug\myedit.obj
c:\users\준엽\desktop\개인api\api 시연회\defaultwindow (1)\defaultwindow\debug\normalblock.obj
c:\users\준엽\desktop\개인api\api 시연회\defaultwindow (1)\defaultwindow\debug\obj.obj
c:\users\준엽\desktop\개인api\api 시연회\defaultwindow (1)\defaultwindow\debug\objmgr.obj
c:\users\준엽\desktop\개인api\api 시연회\defaultwindow (1)\defaultwindow\debug\passblock.obj
c:\users\준엽\desktop\개인api\api 시연회\defaultwindow (1)\defaultwindow\debug\patternblock.obj
c:\users\준엽\desktop\개인api\api 시연회\defaultwindow (1)\defaultwindow\debug\player.obj
c:\users\준엽\desktop\개인api\api 시연회\defaultwindow (1)\defaultwindow\debug\resmgr.obj
c:\users\준엽\desktop\개인api\api 시연회\defaultwindow (1)\defaultwindow\debug\scene.obj
c:\users\준엽\desktop\개인api\api 시연회\defaultwindow (1)\defaultwindow\debug\scenemgr.obj
c:\users\준엽\desktop\개인api\api 시연회\defaultwindow (1)\defaultwindow\debug\scene_restart.obj
c:\users\준엽\desktop\개인api\api 시연회\defaultwindow (1)\defaultwindow\debug\scene_tool.obj
c:\users\준엽\desktop\개인api\api 시연회\defaultwindow (1)\defaultwindow\debug\scrollmgr.obj
c:\users\준엽\desktop\개인api\api 시연회\defaultwindow (1)\defaultwindow\debug\sideblock.obj
c:\users\준엽\desktop\개인api\api 시연회\defaultwindow (1)\defaultwindow\debug\soundmgr.obj
c:\users\준엽\desktop\개인api\api 시연회\defaultwindow (1)\defaultwindow\debug\stage_01.obj
c:\users\준엽\desktop\개인api\api 시연회\defaultwindow (1)\defaultwindow\debug\texture.obj
c:\users\준엽\desktop\개인api\api 시연회\defaultwindow (1)\defaultwindow\debug\tilemgr.obj
c:\users\준엽\desktop\개인api\api 시연회\defaultwindow (1)\defaultwindow\debug\timemgr.obj
c:\users\준엽\desktop\개인api\api 시연회\defaultwindow (1)\defaultwindow\debug\block.obj
c:\users\준엽\desktop\개인api\api 시연회\defaultwindow (1)\defaultwindow\debug\bulldog.obj
c:\users\준엽\desktop\개인api\api 시연회\defaultwindow (1)\defaultwindow\debug\collisionmgr.obj
c:\users\준엽\desktop\개인api\api 시연회\defaultwindow (1)\defaultwindow\debug\defaultwindow.obj
c:\users\준엽\desktop\개인api\api 시연회\defaultwindow (1)\defaultwindow\debug\egg.obj
c:\users\준엽\desktop\개인api\api 시연회\defaultwindow (1)\defaultwindow\debug\eventmgr.obj
c:\users\준엽\desktop\개인api\api 시연회\defaultwindow (1)\defaultwindow\debug\keymgr.obj
c:\users\준엽\desktop\개인api\api 시연회\defaultwindow (1)\defaultwindow\debug\line.obj
c:\users\준엽\desktop\개인api\api 시연회\defaultwindow (1)\defaultwindow\debug\linemgr.obj
c:\users\준엽\desktop\개인api\api 시연회\defaultwindow (1)\defaultwindow\debug\logo.obj
c:\users\준엽\desktop\개인api\api 시연회\defaultwindow (1)\defaultwindow\debug\maingame.obj
c:\users\준엽\desktop\개인api\api 시연회\defaultwindow (1)\defaultwindow\debug\wolf.obj
c:\users\준엽\desktop\개인api\api 시연회\defaultwindow (1)\defaultwindow\debug\transparentblock.obj
c:\users\준엽\desktop\개인api\api 시연회\defaultwindow (1)\defaultwindow\debug\selectgdi.obj
c:\users\준엽\desktop\개인api\api 시연회\defaultwindow (1)\defaultwindow\debug\ui.obj
c:\users\준엽\desktop\개인api\api 시연회\defaultwindow (1)\defaultwindow\debug\scene_clear.obj
c:\users\준엽\desktop\개인api\api 시연회\defaultwindow (1)\debug\defaultwindow.ilk
c:\users\준엽\desktop\개인api\api 시연회\defaultwindow (1)\debug\defaultwindow.exe
c:\users\준엽\desktop\개인api\api 시연회\defaultwindow (1)\debug\defaultwindow.pdb
c:\users\준엽\desktop\개인api\api 시연회\defaultwindow (1)\defaultwindow\debug\defaultwindow.res
c:\users\junyeop\desktop\개인api\api 시연회\defaultwindow (1)\defaultwindow\debug\block.obj
c:\users\junyeop\desktop\개인api\api 시연회\defaultwindow (1)\defaultwindow\debug\bulldog.obj
c:\users\junyeop\desktop\개인api\api 시연회\defaultwindow (1)\defaultwindow\debug\collisionmgr.obj
c:\users\junyeop\desktop\개인api\api 시연회\defaultwindow (1)\defaultwindow\debug\defaultwindow.obj
c:\users\junyeop\desktop\개인api\api 시연회\defaultwindow (1)\defaultwindow\debug\egg.obj
c:\users\junyeop\desktop\개인api\api 시연회\defaultwindow (1)\defaultwindow\debug\eventmgr.obj
c:\users\junyeop\desktop\개인api\api 시연회\defaultwindow (1)\defaultwindow\debug\keymgr.obj
c:\users\junyeop\desktop\개인api\api 시연회\defaultwindow (1)\defaultwindow\debug\line.obj
c:\users\junyeop\desktop\개인api\api 시연회\defaultwindow (1)\defaultwindow\debug\linemgr.obj
c:\users\junyeop\desktop\개인api\api 시연회\defaultwindow (1)\defaultwindow\debug\logo.obj
c:\users\junyeop\desktop\개인api\api 시연회\defaultwindow (1)\defaultwindow\debug\maingame.obj
c:\users\junyeop\desktop\개인api\api 시연회\defaultwindow (1)\defaultwindow\debug\moveblock.obj
c:\users\junyeop\desktop\개인api\api 시연회\defaultwindow (1)\defaultwindow\debug\myedit.obj
c:\users\junyeop\desktop\개인api\api 시연회\defaultwindow (1)\defaultwindow\debug\normalblock.obj
c:\users\junyeop\desktop\개인api\api 시연회\defaultwindow (1)\defaultwindow\debug\obj.obj
c:\users\junyeop\desktop\개인api\api 시연회\defaultwindow (1)\defaultwindow\debug\objmgr.obj
c:\users\junyeop\desktop\개인api\api 시연회\defaultwindow (1)\defaultwindow\debug\passblock.obj
c:\users\junyeop\desktop\개인api\api 시연회\defaultwindow (1)\defaultwindow\debug\patternblock.obj
c:\users\junyeop\desktop\개인api\api 시연회\defaultwindow (1)\defaultwindow\debug\player.obj
c:\users\junyeop\desktop\개인api\api 시연회\defaultwindow (1)\defaultwindow\debug\resmgr.obj
c:\users\junyeop\desktop\개인api\api 시연회\defaultwindow (1)\defaultwindow\debug\scene.obj
c:\users\junyeop\desktop\개인api\api 시연회\defaultwindow (1)\defaultwindow\debug\scenemgr.obj
c:\users\junyeop\desktop\개인api\api 시연회\defaultwindow (1)\defaultwindow\debug\scene_clear.obj
c:\users\junyeop\desktop\개인api\api 시연회\defaultwindow (1)\defaultwindow\debug\scene_restart.obj
c:\users\junyeop\desktop\개인api\api 시연회\defaultwindow (1)\defaultwindow\debug\scene_tool.obj
c:\users\junyeop\desktop\개인api\api 시연회\defaultwindow (1)\defaultwindow\debug\scrollmgr.obj
c:\users\junyeop\desktop\개인api\api 시연회\defaultwindow (1)\defaultwindow\debug\selectgdi.obj
c:\users\junyeop\desktop\개인api\api 시연회\defaultwindow (1)\defaultwindow\debug\sideblock.obj
c:\users\junyeop\desktop\개인api\api 시연회\defaultwindow (1)\defaultwindow\debug\soundmgr.obj
c:\users\junyeop\desktop\개인api\api 시연회\defaultwindow (1)\defaultwindow\debug\stage_01.obj
c:\users\junyeop\desktop\개인api\api 시연회\defaultwindow (1)\defaultwindow\debug\stdafx.obj
c:\users\junyeop\desktop\개인api\api 시연회\defaultwindow (1)\defaultwindow\debug\texture.obj
c:\users\junyeop\desktop\개인api\api 시연회\defaultwindow (1)\defaultwindow\debug\tilemgr.obj
c:\users\junyeop\desktop\개인api\api 시연회\defaultwindow (1)\defaultwindow\debug\timemgr.obj
c:\users\junyeop\desktop\개인api\api 시연회\defaultwindow (1)\defaultwindow\debug\transparentblock.obj
c:\users\junyeop\desktop\개인api\api 시연회\defaultwindow (1)\defaultwindow\debug\ui.obj
c:\users\junyeop\desktop\개인api\api 시연회\defaultwindow (1)\defaultwindow\debug\wolf.obj
c:\users\junyeop\desktop\개인api\api 시연회\defaultwindow (1)\defaultwindow\debug\collisionmgr.obj.enc
c:\users\junyeop\desktop\개인api\api 시연회\defaultwindow (1)\defaultwindow\debug\egg.obj.enc
c:\users\junyeop\desktop\개인api\api 시연회\defaultwindow (1)\defaultwindow\debug\logo.obj.enc
c:\users\junyeop\desktop\개인api\api 시연회\defaultwindow (1)\defaultwindow\debug\normalblock.obj.enc
c:\users\junyeop\desktop\개인api\api 시연회\defaultwindow (1)\defaultwindow\debug\stage_01.obj.enc
c:\users\junyeop\desktop\개인api\api 시연회\defaultwindow (1)\defaultwindow\debug\defaultwindow.res
c:\users\junyeop\desktop\개인api\api 시연회\defaultwindow (1)\defaultwindow\debug\defaultwindow.pch
c:\users\junyeop\desktop\개인api\api 시연회\defaultwindow (1)\defaultwindow\debug\vc140.idb
c:\users\junyeop\desktop\개인api\api 시연회\defaultwindow (1)\defaultwindow\debug\vc140.pdb
c:\users\junyeop\desktop\개인api\api 시연회\defaultwindow (1)\debug\defaultwindow.pdb
c:\users\junyeop\desktop\개인api\api 시연회\defaultwindow (1)\debug\defaultwindow.exe
c:\users\junyeop\desktop\개인api\api 시연회\defaultwindow (1)\debug\defaultwindow.ilk
c:\users\junyeop\desktop\개인api\api 시연회\defaultwindow (1)\defaultwindow\debug\defaultwindow.tlog\cl.command.1.tlog
c:\users\junyeop\desktop\개인api\api 시연회\defaultwindow (1)\defaultwindow\debug\defaultwindow.tlog\cl.read.1.tlog
c:\users\junyeop\desktop\개인api\api 시연회\defaultwindow (1)\defaultwindow\debug\defaultwindow.tlog\cl.write.1.tlog
c:\users\junyeop\desktop\개인api\api 시연회\defaultwindow (1)\defaultwindow\debug\defaultwindow.tlog\link.command.1.tlog
c:\users\junyeop\desktop\개인api\api 시연회\defaultwindow (1)\defaultwindow\debug\defaultwindow.tlog\link.read.1.tlog
c:\users\junyeop\desktop\개인api\api 시연회\defaultwindow (1)\defaultwindow\debug\defaultwindow.tlog\link.write.1.tlog
c:\users\junyeop\desktop\개인api\api 시연회\defaultwindow (1)\defaultwindow\debug\defaultwindow.tlog\rc.command.1.tlog
c:\users\junyeop\desktop\개인api\api 시연회\defaultwindow (1)\defaultwindow\debug\defaultwindow.tlog\rc.read.1.tlog
c:\users\junyeop\desktop\개인api\api 시연회\defaultwindow (1)\defaultwindow\debug\defaultwindow.tlog\rc.write.1.tlog
